{"total": {"lines":{"total":1132,"covered":778,"skipped":0,"pct":68.72},"statements":{"total":1417,"covered":925,"skipped":0,"pct":65.27},"functions":{"total":476,"covered":244,"skipped":0,"pct":51.26},"branches":{"total":883,"covered":533,"skipped":0,"pct":60.36},"branchesTrue":{"total":0,"covered":0,"skipped":0,"pct":100}}
,"D:\\code\\CYG\\Github\\deepseek-harness\\packages\\qs\\qs-approval\\src\\css-modules.d.ts": {"lines":{"total":0,"covered":0,"skipped":0,"pct":100},"functions":{"total":0,"covered":0,"skipped":0,"pct":100},"statements":{"total":0,"covered":0,"skipped":0,"pct":100},"branches":{"total":0,"covered":0,"skipped":0,"pct":100}}
,"D:\\code\\CYG\\Github\\deepseek-harness\\packages\\qs\\qs-approval\\src\\index.ts": {"lines":{"total":0,"covered":0,"skipped":0,"pct":100},"functions":{"total":1,"covered":0,"skipped":0,"pct":0},"statements":{"total":0,"covered":0,"skipped":0,"pct":100},"branches":{"total":0,"covered":0,"skipped":0,"pct":100}}
,"D:\\code\\CYG\\Github\\deepseek-harness\\packages\\qs\\qs-approval\\src\\client\\ApprovalCard.tsx": {"lines":{"total":17,"covered":17,"skipped":0,"pct":100},"functions":{"total":7,"covered":6,"skipped":0,"pct":85.71},"statements":{"total":19,"covered":17,"skipped":0,"pct":89.47},"branches":{"total":20,"covered":13,"skipped":0,"pct":65}}
,"D:\\code\\CYG\\Github\\deepseek-harness\\packages\\qs\\qs-approval\\src\\client\\approval-detail.ts": {"lines":{"total":13,"covered":13,"skipped":0,"pct":100},"functions":{"total":3,"covered":3,"skipped":0,"pct":100},"statements":{"total":16,"covered":16,"skipped":0,"pct":100},"branches":{"total":29,"covered":28,"skipped":0,"pct":96.55}}
,"D:\\code\\CYG\\Github\\deepseek-harness\\packages\\qs\\qs-approval\\src\\client\\contract.ts": {"lines":{"total":0,"covered":0,"skipped":0,"pct":100},"functions":{"total":0,"covered":0,"skipped":0,"pct":100},"statements":{"total":0,"covered":0,"skipped":0,"pct":100},"branches":{"total":0,"covered":0,"skipped":0,"pct":100}}
,"D:\\code\\CYG\\Github\\deepseek-harness\\packages\\qs\\qs-approval\\src\\client\\index.ts": {"lines":{"total":24,"covered":7,"skipped":0,"pct":29.16},"functions":{"total":8,"covered":3,"skipped":0,"pct":37.5},"statements":{"total":28,"covered":9,"skipped":0,"pct":32.14},"branches":{"total":12,"covered":0,"skipped":0,"pct":0}}
,"D:\\code\\CYG\\Github\\deepseek-harness\\packages\\qs\\qs-approval\\src\\client\\locales.ts": {"lines":{"total":2,"covered":2,"skipped":0,"pct":100},"functions":{"total":0,"covered":0,"skipped":0,"pct":100},"statements":{"total":2,"covered":2,"skipped":0,"pct":100},"branches":{"total":0,"covered":0,"skipped":0,"pct":100}}
,"D:\\code\\CYG\\Github\\deepseek-harness\\packages\\qs\\qs-composer\\src\\css-modules.d.ts": {"lines":{"total":0,"covered":0,"skipped":0,"pct":100},"functions":{"total":0,"covered":0,"skipped":0,"pct":100},"statements":{"total":0,"covered":0,"skipped":0,"pct":100},"branches":{"total":0,"covered":0,"skipped":0,"pct":100}}
,"D:\\code\\CYG\\Github\\deepseek-harness\\packages\\qs\\qs-composer\\src\\index.ts": {"lines":{"total":0,"covered":0,"skipped":0,"pct":100},"functions":{"total":1,"covered":0,"skipped":0,"pct":0},"statements":{"total":0,"covered":0,"skipped":0,"pct":100},"branches":{"total":0,"covered":0,"skipped":0,"pct":100}}
,"D:\\code\\CYG\\Github\\deepseek-harness\\packages\\qs\\qs-composer\\src\\client\\Composer.tsx": {"lines":{"total":98,"covered":70,"skipped":0,"pct":71.42},"functions":{"total":33,"covered":13,"skipped":0,"pct":39.39},"statements":{"total":127,"covered":80,"skipped":0,"pct":62.99},"branches":{"total":86,"covered":57,"skipped":0,"pct":66.27}}
,"D:\\code\\CYG\\Github\\deepseek-harness\\packages\\qs\\qs-composer\\src\\client\\Icon.tsx": {"lines":{"total":3,"covered":3,"skipped":0,"pct":100},"functions":{"total":1,"covered":1,"skipped":0,"pct":100},"statements":{"total":3,"covered":3,"skipped":0,"pct":100},"branches":{"total":5,"covered":4,"skipped":0,"pct":80}}
,"D:\\code\\CYG\\Github\\deepseek-harness\\packages\\qs\\qs-composer\\src\\client\\contract.ts": {"lines":{"total":0,"covered":0,"skipped":0,"pct":100},"functions":{"total":0,"covered":0,"skipped":0,"pct":100},"statements":{"total":0,"covered":0,"skipped":0,"pct":100},"branches":{"total":0,"covered":0,"skipped":0,"pct":100}}
,"D:\\code\\CYG\\Github\\deepseek-harness\\packages\\qs\\qs-composer\\src\\client\\create-session.ts": {"lines":{"total":13,"covered":13,"skipped":0,"pct":100},"functions":{"total":3,"covered":3,"skipped":0,"pct":100},"statements":{"total":17,"covered":17,"skipped":0,"pct":100},"branches":{"total":10,"covered":10,"skipped":0,"pct":100}}
,"D:\\code\\CYG\\Github\\deepseek-harness\\packages\\qs\\qs-composer\\src\\client\\handoff.ts": {"lines":{"total":11,"covered":11,"skipped":0,"pct":100},"functions":{"total":8,"covered":8,"skipped":0,"pct":100},"statements":{"total":16,"covered":16,"skipped":0,"pct":100},"branches":{"total":15,"covered":14,"skipped":0,"pct":93.33}}
,"D:\\code\\CYG\\Github\\deepseek-harness\\packages\\qs\\qs-composer\\src\\client\\index.ts": {"lines":{"total":73,"covered":17,"skipped":0,"pct":23.28},"functions":{"total":43,"covered":4,"skipped":0,"pct":9.3},"statements":{"total":91,"covered":22,"skipped":0,"pct":24.17},"branches":{"total":38,"covered":0,"skipped":0,"pct":0}}
,"D:\\code\\CYG\\Github\\deepseek-harness\\packages\\qs\\qs-composer\\src\\client\\locales.ts": {"lines":{"total":2,"covered":2,"skipped":0,"pct":100},"functions":{"total":0,"covered":0,"skipped":0,"pct":100},"statements":{"total":2,"covered":2,"skipped":0,"pct":100},"branches":{"total":0,"covered":0,"skipped":0,"pct":100}}
,"D:\\code\\CYG\\Github\\deepseek-harness\\packages\\qs\\qs-login\\src\\css-modules.d.ts": {"lines":{"total":0,"covered":0,"skipped":0,"pct":100},"functions":{"total":0,"covered":0,"skipped":0,"pct":100},"statements":{"total":0,"covered":0,"skipped":0,"pct":100},"branches":{"total":0,"covered":0,"skipped":0,"pct":100}}
,"D:\\code\\CYG\\Github\\deepseek-harness\\packages\\qs\\qs-login\\src\\index.ts": {"lines":{"total":0,"covered":0,"skipped":0,"pct":100},"functions":{"total":1,"covered":0,"skipped":0,"pct":0},"statements":{"total":0,"covered":0,"skipped":0,"pct":100},"branches":{"total":0,"covered":0,"skipped":0,"pct":100}}
,"D:\\code\\CYG\\Github\\deepseek-harness\\packages\\qs\\qs-login\\src\\client\\FactoryVisual.tsx": {"lines":{"total":1,"covered":0,"skipped":0,"pct":0},"functions":{"total":1,"covered":0,"skipped":0,"pct":0},"statements":{"total":1,"covered":0,"skipped":0,"pct":0},"branches":{"total":0,"covered":0,"skipped":0,"pct":100}}
,"D:\\code\\CYG\\Github\\deepseek-harness\\packages\\qs\\qs-login\\src\\client\\Icon.tsx": {"lines":{"total":3,"covered":1,"skipped":0,"pct":33.33},"functions":{"total":1,"covered":0,"skipped":0,"pct":0},"statements":{"total":3,"covered":1,"skipped":0,"pct":33.33},"branches":{"total":5,"covered":0,"skipped":0,"pct":0}}
,"D:\\code\\CYG\\Github\\deepseek-harness\\packages\\qs\\qs-login\\src\\client\\LoginPage.tsx": {"lines":{"total":37,"covered":0,"skipped":0,"pct":0},"functions":{"total":14,"covered":0,"skipped":0,"pct":0},"statements":{"total":42,"covered":0,"skipped":0,"pct":0},"branches":{"total":22,"covered":0,"skipped":0,"pct":0}}
,"D:\\code\\CYG\\Github\\deepseek-harness\\packages\\qs\\qs-login\\src\\client\\auth-gateway.ts": {"lines":{"total":14,"covered":14,"skipped":0,"pct":100},"functions":{"total":5,"covered":5,"skipped":0,"pct":100},"statements":{"total":18,"covered":18,"skipped":0,"pct":100},"branches":{"total":11,"covered":11,"skipped":0,"pct":100}}
,"D:\\code\\CYG\\Github\\deepseek-harness\\packages\\qs\\qs-login\\src\\client\\auth-store.ts": {"lines":{"total":35,"covered":31,"skipped":0,"pct":88.57},"functions":{"total":10,"covered":9,"skipped":0,"pct":90},"statements":{"total":41,"covered":34,"skipped":0,"pct":82.92},"branches":{"total":20,"covered":16,"skipped":0,"pct":80}}
,"D:\\code\\CYG\\Github\\deepseek-harness\\packages\\qs\\qs-login\\src\\client\\contract.ts": {"lines":{"total":0,"covered":0,"skipped":0,"pct":100},"functions":{"total":0,"covered":0,"skipped":0,"pct":100},"statements":{"total":0,"covered":0,"skipped":0,"pct":100},"branches":{"total":0,"covered":0,"skipped":0,"pct":100}}
,"D:\\code\\CYG\\Github\\deepseek-harness\\packages\\qs\\qs-login\\src\\client\\index.ts": {"lines":{"total":24,"covered":11,"skipped":0,"pct":45.83},"functions":{"total":14,"covered":5,"skipped":0,"pct":35.71},"statements":{"total":28,"covered":15,"skipped":0,"pct":53.57},"branches":{"total":4,"covered":0,"skipped":0,"pct":0}}
,"D:\\code\\CYG\\Github\\deepseek-harness\\packages\\qs\\qs-login\\src\\client\\locales.ts": {"lines":{"total":2,"covered":2,"skipped":0,"pct":100},"functions":{"total":0,"covered":0,"skipped":0,"pct":100},"statements":{"total":2,"covered":2,"skipped":0,"pct":100},"branches":{"total":0,"covered":0,"skipped":0,"pct":100}}
,"D:\\code\\CYG\\Github\\deepseek-harness\\packages\\qs\\qs-questions\\src\\css-modules.d.ts": {"lines":{"total":0,"covered":0,"skipped":0,"pct":100},"functions":{"total":0,"covered":0,"skipped":0,"pct":100},"statements":{"total":0,"covered":0,"skipped":0,"pct":100},"branches":{"total":0,"covered":0,"skipped":0,"pct":100}}
,"D:\\code\\CYG\\Github\\deepseek-harness\\packages\\qs\\qs-questions\\src\\index.ts": {"lines":{"total":0,"covered":0,"skipped":0,"pct":100},"functions":{"total":1,"covered":0,"skipped":0,"pct":0},"statements":{"total":0,"covered":0,"skipped":0,"pct":100},"branches":{"total":0,"covered":0,"skipped":0,"pct":100}}
,"D:\\code\\CYG\\Github\\deepseek-harness\\packages\\qs\\qs-questions\\src\\client\\QuestionCard.tsx": {"lines":{"total":47,"covered":47,"skipped":0,"pct":100},"functions":{"total":20,"covered":20,"skipped":0,"pct":100},"statements":{"total":54,"covered":53,"skipped":0,"pct":98.14},"branches":{"total":52,"covered":43,"skipped":0,"pct":82.69}}
,"D:\\code\\CYG\\Github\\deepseek-harness\\packages\\qs\\qs-questions\\src\\client\\answer.ts": {"lines":{"total":16,"covered":16,"skipped":0,"pct":100},"functions":{"total":6,"covered":6,"skipped":0,"pct":100},"statements":{"total":17,"covered":17,"skipped":0,"pct":100},"branches":{"total":17,"covered":17,"skipped":0,"pct":100}}
,"D:\\code\\CYG\\Github\\deepseek-harness\\packages\\qs\\qs-questions\\src\\client\\contract.ts": {"lines":{"total":2,"covered":2,"skipped":0,"pct":100},"functions":{"total":1,"covered":1,"skipped":0,"pct":100},"statements":{"total":2,"covered":2,"skipped":0,"pct":100},"branches":{"total":2,"covered":1,"skipped":0,"pct":50}}
,"D:\\code\\CYG\\Github\\deepseek-harness\\packages\\qs\\qs-questions\\src\\client\\index.ts": {"lines":{"total":40,"covered":36,"skipped":0,"pct":90},"functions":{"total":17,"covered":12,"skipped":0,"pct":70.58},"statements":{"total":54,"covered":42,"skipped":0,"pct":77.77},"branches":{"total":19,"covered":6,"skipped":0,"pct":31.57}}
,"D:\\code\\CYG\\Github\\deepseek-harness\\packages\\qs\\qs-questions\\src\\client\\locales.ts": {"lines":{"total":2,"covered":2,"skipped":0,"pct":100},"functions":{"total":0,"covered":0,"skipped":0,"pct":100},"statements":{"total":2,"covered":2,"skipped":0,"pct":100},"branches":{"total":0,"covered":0,"skipped":0,"pct":100}}
,"D:\\code\\CYG\\Github\\deepseek-harness\\packages\\qs\\qs-questions\\src\\client\\plan-review.ts": {"lines":{"total":11,"covered":11,"skipped":0,"pct":100},"functions":{"total":3,"covered":3,"skipped":0,"pct":100},"statements":{"total":18,"covered":18,"skipped":0,"pct":100},"branches":{"total":16,"covered":15,"skipped":0,"pct":93.75}}
,"D:\\code\\CYG\\Github\\deepseek-harness\\packages\\qs\\qs-sessions\\src\\css-modules.d.ts": {"lines":{"total":0,"covered":0,"skipped":0,"pct":100},"functions":{"total":0,"covered":0,"skipped":0,"pct":100},"statements":{"total":0,"covered":0,"skipped":0,"pct":100},"branches":{"total":0,"covered":0,"skipped":0,"pct":100}}
,"D:\\code\\CYG\\Github\\deepseek-harness\\packages\\qs\\qs-sessions\\src\\index.ts": {"lines":{"total":0,"covered":0,"skipped":0,"pct":100},"functions":{"total":1,"covered":0,"skipped":0,"pct":0},"statements":{"total":0,"covered":0,"skipped":0,"pct":100},"branches":{"total":0,"covered":0,"skipped":0,"pct":100}}
,"D:\\code\\CYG\\Github\\deepseek-harness\\packages\\qs\\qs-sessions\\src\\client\\Icon.tsx": {"lines":{"total":3,"covered":3,"skipped":0,"pct":100},"functions":{"total":1,"covered":1,"skipped":0,"pct":100},"statements":{"total":3,"covered":3,"skipped":0,"pct":100},"branches":{"total":5,"covered":3,"skipped":0,"pct":60}}
,"D:\\code\\CYG\\Github\\deepseek-harness\\packages\\qs\\qs-sessions\\src\\client\\SessionList.tsx": {"lines":{"total":56,"covered":49,"skipped":0,"pct":87.5},"functions":{"total":21,"covered":15,"skipped":0,"pct":71.42},"statements":{"total":75,"covered":61,"skipped":0,"pct":81.33},"branches":{"total":42,"covered":31,"skipped":0,"pct":73.8}}
,"D:\\code\\CYG\\Github\\deepseek-harness\\packages\\qs\\qs-sessions\\src\\client\\SessionMenu.tsx": {"lines":{"total":42,"covered":42,"skipped":0,"pct":100},"functions":{"total":15,"covered":15,"skipped":0,"pct":100},"statements":{"total":54,"covered":52,"skipped":0,"pct":96.29},"branches":{"total":40,"covered":38,"skipped":0,"pct":95}}
,"D:\\code\\CYG\\Github\\deepseek-harness\\packages\\qs\\qs-sessions\\src\\client\\contract.ts": {"lines":{"total":0,"covered":0,"skipped":0,"pct":100},"functions":{"total":0,"covered":0,"skipped":0,"pct":100},"statements":{"total":0,"covered":0,"skipped":0,"pct":100},"branches":{"total":0,"covered":0,"skipped":0,"pct":100}}
,"D:\\code\\CYG\\Github\\deepseek-harness\\packages\\qs\\qs-sessions\\src\\client\\index.ts": {"lines":{"total":18,"covered":9,"skipped":0,"pct":50},"functions":{"total":12,"covered":3,"skipped":0,"pct":25},"statements":{"total":20,"covered":11,"skipped":0,"pct":55},"branches":{"total":0,"covered":0,"skipped":0,"pct":100}}
,"D:\\code\\CYG\\Github\\deepseek-harness\\packages\\qs\\qs-sessions\\src\\client\\locales.ts": {"lines":{"total":2,"covered":2,"skipped":0,"pct":100},"functions":{"total":0,"covered":0,"skipped":0,"pct":100},"statements":{"total":2,"covered":2,"skipped":0,"pct":100},"branches":{"total":0,"covered":0,"skipped":0,"pct":100}}
,"D:\\code\\CYG\\Github\\deepseek-harness\\packages\\qs\\qs-sessions\\src\\client\\pins-store.ts": {"lines":{"total":12,"covered":9,"skipped":0,"pct":75},"functions":{"total":11,"covered":6,"skipped":0,"pct":54.54},"statements":{"total":16,"covered":11,"skipped":0,"pct":68.75},"branches":{"total":4,"covered":2,"skipped":0,"pct":50}}
,"D:\\code\\CYG\\Github\\deepseek-harness\\packages\\qs\\qs-sessions\\src\\client\\use-session-actions.ts": {"lines":{"total":30,"covered":15,"skipped":0,"pct":50},"functions":{"total":10,"covered":6,"skipped":0,"pct":60},"statements":{"total":38,"covered":19,"skipped":0,"pct":50},"branches":{"total":18,"covered":9,"skipped":0,"pct":50}}
,"D:\\code\\CYG\\Github\\deepseek-harness\\packages\\qs\\qs-shell\\src\\config.ts": {"lines":{"total":15,"covered":15,"skipped":0,"pct":100},"functions":{"total":2,"covered":2,"skipped":0,"pct":100},"statements":{"total":17,"covered":17,"skipped":0,"pct":100},"branches":{"total":14,"covered":13,"skipped":0,"pct":92.85}}
,"D:\\code\\CYG\\Github\\deepseek-harness\\packages\\qs\\qs-shell\\src\\css-modules.d.ts": {"lines":{"total":0,"covered":0,"skipped":0,"pct":100},"functions":{"total":0,"covered":0,"skipped":0,"pct":100},"statements":{"total":0,"covered":0,"skipped":0,"pct":100},"branches":{"total":0,"covered":0,"skipped":0,"pct":100}}
,"D:\\code\\CYG\\Github\\deepseek-harness\\packages\\qs\\qs-shell\\src\\index.ts": {"lines":{"total":5,"covered":0,"skipped":0,"pct":0},"functions":{"total":4,"covered":0,"skipped":0,"pct":0},"statements":{"total":6,"covered":0,"skipped":0,"pct":0},"branches":{"total":2,"covered":0,"skipped":0,"pct":0}}
,"D:\\code\\CYG\\Github\\deepseek-harness\\packages\\qs\\qs-shell\\src\\client\\AppShell.tsx": {"lines":{"total":26,"covered":1,"skipped":0,"pct":3.84},"functions":{"total":13,"covered":0,"skipped":0,"pct":0},"statements":{"total":33,"covered":1,"skipped":0,"pct":3.03},"branches":{"total":24,"covered":0,"skipped":0,"pct":0}}
,"D:\\code\\CYG\\Github\\deepseek-harness\\packages\\qs\\qs-shell\\src\\client\\FaultPage.tsx": {"lines":{"total":11,"covered":0,"skipped":0,"pct":0},"functions":{"total":7,"covered":1,"skipped":0,"pct":14.28},"statements":{"total":13,"covered":0,"skipped":0,"pct":0},"branches":{"total":10,"covered":0,"skipped":0,"pct":0}}
,"D:\\code\\CYG\\Github\\deepseek-harness\\packages\\qs\\qs-shell\\src\\client\\Icon.tsx": {"lines":{"total":3,"covered":1,"skipped":0,"pct":33.33},"functions":{"total":1,"covered":0,"skipped":0,"pct":0},"statements":{"total":3,"covered":1,"skipped":0,"pct":33.33},"branches":{"total":5,"covered":0,"skipped":0,"pct":0}}
,"D:\\code\\CYG\\Github\\deepseek-harness\\packages\\qs\\qs-shell\\src\\client\\OfficialReturn.tsx": {"lines":{"total":1,"covered":0,"skipped":0,"pct":0},"functions":{"total":1,"covered":0,"skipped":0,"pct":0},"statements":{"total":1,"covered":0,"skipped":0,"pct":0},"branches":{"total":2,"covered":0,"skipped":0,"pct":0}}
,"D:\\code\\CYG\\Github\\deepseek-harness\\packages\\qs\\qs-shell\\src\\client\\OverlayHost.tsx": {"lines":{"total":3,"covered":0,"skipped":0,"pct":0},"functions":{"total":3,"covered":0,"skipped":0,"pct":0},"statements":{"total":4,"covered":0,"skipped":0,"pct":0},"branches":{"total":0,"covered":0,"skipped":0,"pct":100}}
,"D:\\code\\CYG\\Github\\deepseek-harness\\packages\\qs\\qs-shell\\src\\client\\PanelResize.tsx": {"lines":{"total":18,"covered":8,"skipped":0,"pct":44.44},"functions":{"total":8,"covered":3,"skipped":0,"pct":37.5},"statements":{"total":22,"covered":8,"skipped":0,"pct":36.36},"branches":{"total":22,"covered":8,"skipped":0,"pct":36.36}}
,"D:\\code\\CYG\\Github\\deepseek-harness\\packages\\qs\\qs-shell\\src\\client\\RightPanel.tsx": {"lines":{"total":12,"covered":11,"skipped":0,"pct":91.66},"functions":{"total":6,"covered":5,"skipped":0,"pct":83.33},"statements":{"total":15,"covered":13,"skipped":0,"pct":86.66},"branches":{"total":12,"covered":9,"skipped":0,"pct":75}}
,"D:\\code\\CYG\\Github\\deepseek-harness\\packages\\qs\\qs-shell\\src\\client\\SideNav.tsx": {"lines":{"total":6,"covered":0,"skipped":0,"pct":0},"functions":{"total":4,"covered":0,"skipped":0,"pct":0},"statements":{"total":8,"covered":0,"skipped":0,"pct":0},"branches":{"total":8,"covered":0,"skipped":0,"pct":0}}
,"D:\\code\\CYG\\Github\\deepseek-harness\\packages\\qs\\qs-shell\\src\\client\\Stage.tsx": {"lines":{"total":3,"covered":0,"skipped":0,"pct":0},"functions":{"total":3,"covered":0,"skipped":0,"pct":0},"statements":{"total":5,"covered":0,"skipped":0,"pct":0},"branches":{"total":6,"covered":0,"skipped":0,"pct":0}}
,"D:\\code\\CYG\\Github\\deepseek-harness\\packages\\qs\\qs-shell\\src\\client\\StatusBar.tsx": {"lines":{"total":6,"covered":0,"skipped":0,"pct":0},"functions":{"total":4,"covered":0,"skipped":0,"pct":0},"statements":{"total":10,"covered":0,"skipped":0,"pct":0},"branches":{"total":12,"covered":0,"skipped":0,"pct":0}}
,"D:\\code\\CYG\\Github\\deepseek-harness\\packages\\qs\\qs-shell\\src\\client\\TopBar.tsx": {"lines":{"total":10,"covered":0,"skipped":0,"pct":0},"functions":{"total":7,"covered":0,"skipped":0,"pct":0},"statements":{"total":16,"covered":0,"skipped":0,"pct":0},"branches":{"total":16,"covered":0,"skipped":0,"pct":0}}
,"D:\\code\\CYG\\Github\\deepseek-harness\\packages\\qs\\qs-shell\\src\\client\\WelcomePane.tsx": {"lines":{"total":2,"covered":0,"skipped":0,"pct":0},"functions":{"total":1,"covered":0,"skipped":0,"pct":0},"statements":{"total":2,"covered":0,"skipped":0,"pct":0},"branches":{"total":2,"covered":0,"skipped":0,"pct":0}}
,"D:\\code\\CYG\\Github\\deepseek-harness\\packages\\qs\\qs-shell\\src\\client\\contract.ts": {"lines":{"total":0,"covered":0,"skipped":0,"pct":100},"functions":{"total":0,"covered":0,"skipped":0,"pct":100},"statements":{"total":0,"covered":0,"skipped":0,"pct":100},"branches":{"total":0,"covered":0,"skipped":0,"pct":100}}
,"D:\\code\\CYG\\Github\\deepseek-harness\\packages\\qs\\qs-shell\\src\\client\\index.ts": {"lines":{"total":71,"covered":44,"skipped":0,"pct":61.97},"functions":{"total":36,"covered":9,"skipped":0,"pct":25},"statements":{"total":91,"covered":49,"skipped":0,"pct":53.84},"branches":{"total":13,"covered":3,"skipped":0,"pct":23.07}}
,"D:\\code\\CYG\\Github\\deepseek-harness\\packages\\qs\\qs-shell\\src\\client\\layout-store.ts": {"lines":{"total":49,"covered":43,"skipped":0,"pct":87.75},"functions":{"total":12,"covered":10,"skipped":0,"pct":83.33},"statements":{"total":61,"covered":53,"skipped":0,"pct":86.88},"branches":{"total":37,"covered":34,"skipped":0,"pct":91.89}}
,"D:\\code\\CYG\\Github\\deepseek-harness\\packages\\qs\\qs-shell\\src\\client\\locales.ts": {"lines":{"total":2,"covered":2,"skipped":0,"pct":100},"functions":{"total":0,"covered":0,"skipped":0,"pct":100},"statements":{"total":2,"covered":2,"skipped":0,"pct":100},"branches":{"total":0,"covered":0,"skipped":0,"pct":100}}
,"D:\\code\\CYG\\Github\\deepseek-harness\\packages\\qs\\qs-shell\\src\\client\\ui-mode.ts": {"lines":{"total":28,"covered":26,"skipped":0,"pct":92.85},"functions":{"total":7,"covered":5,"skipped":0,"pct":71.42},"statements":{"total":34,"covered":28,"skipped":0,"pct":82.35},"branches":{"total":20,"covered":18,"skipped":0,"pct":90}}
,"D:\\code\\CYG\\Github\\deepseek-harness\\packages\\qs\\qs-transcript\\src\\css-modules.d.ts": {"lines":{"total":0,"covered":0,"skipped":0,"pct":100},"functions":{"total":0,"covered":0,"skipped":0,"pct":100},"statements":{"total":0,"covered":0,"skipped":0,"pct":100},"branches":{"total":0,"covered":0,"skipped":0,"pct":100}}
,"D:\\code\\CYG\\Github\\deepseek-harness\\packages\\qs\\qs-transcript\\src\\index.ts": {"lines":{"total":0,"covered":0,"skipped":0,"pct":100},"functions":{"total":1,"covered":0,"skipped":0,"pct":0},"statements":{"total":0,"covered":0,"skipped":0,"pct":100},"branches":{"total":0,"covered":0,"skipped":0,"pct":100}}
,"D:\\code\\CYG\\Github\\deepseek-harness\\packages\\qs\\qs-transcript\\src\\client\\Icon.tsx": {"lines":{"total":3,"covered":3,"skipped":0,"pct":100},"functions":{"total":1,"covered":1,"skipped":0,"pct":100},"statements":{"total":3,"covered":3,"skipped":0,"pct":100},"branches":{"total":5,"covered":3,"skipped":0,"pct":60}}
,"D:\\code\\CYG\\Github\\deepseek-harness\\packages\\qs\\qs-transcript\\src\\client\\Transcript.tsx": {"lines":{"total":87,"covered":76,"skipped":0,"pct":87.35},"functions":{"total":28,"covered":22,"skipped":0,"pct":78.57},"statements":{"total":109,"covered":91,"skipped":0,"pct":83.48},"branches":{"total":66,"covered":46,"skipped":0,"pct":69.69}}
,"D:\\code\\CYG\\Github\\deepseek-harness\\packages\\qs\\qs-transcript\\src\\client\\adapter.ts": {"lines":{"total":20,"covered":20,"skipped":0,"pct":100},"functions":{"total":7,"covered":7,"skipped":0,"pct":100},"statements":{"total":25,"covered":25,"skipped":0,"pct":100},"branches":{"total":29,"covered":28,"skipped":0,"pct":96.55}}
,"D:\\code\\CYG\\Github\\deepseek-harness\\packages\\qs\\qs-transcript\\src\\client\\contract.ts": {"lines":{"total":0,"covered":0,"skipped":0,"pct":100},"functions":{"total":0,"covered":0,"skipped":0,"pct":100},"statements":{"total":0,"covered":0,"skipped":0,"pct":100},"branches":{"total":0,"covered":0,"skipped":0,"pct":100}}
,"D:\\code\\CYG\\Github\\deepseek-harness\\packages\\qs\\qs-transcript\\src\\client\\index.ts": {"lines":{"total":40,"covered":13,"skipped":0,"pct":32.5},"functions":{"total":20,"covered":4,"skipped":0,"pct":20},"statements":{"total":46,"covered":16,"skipped":0,"pct":34.78},"branches":{"total":14,"covered":1,"skipped":0,"pct":7.14}}
,"D:\\code\\CYG\\Github\\deepseek-harness\\packages\\qs\\qs-transcript\\src\\client\\locales.ts": {"lines":{"total":2,"covered":2,"skipped":0,"pct":100},"functions":{"total":0,"covered":0,"skipped":0,"pct":100},"statements":{"total":2,"covered":2,"skipped":0,"pct":100},"branches":{"total":0,"covered":0,"skipped":0,"pct":100}}
,"D:\\code\\CYG\\Github\\deepseek-harness\\packages\\qs\\qs-transcript\\src\\client\\media.ts": {"lines":{"total":4,"covered":4,"skipped":0,"pct":100},"functions":{"total":3,"covered":3,"skipped":0,"pct":100},"statements":{"total":7,"covered":7,"skipped":0,"pct":100},"branches":{"total":14,"covered":14,"skipped":0,"pct":100}}
,"D:\\code\\CYG\\Github\\deepseek-harness\\packages\\qs\\qs-transcript\\src\\client\\rows.tsx": {"lines":{"total":52,"covered":52,"skipped":0,"pct":100},"functions":{"total":24,"covered":24,"skipped":0,"pct":100},"statements":{"total":71,"covered":62,"skipped":0,"pct":87.32},"branches":{"total":58,"covered":38,"skipped":0,"pct":65.51}}
}
